<?xml version="1.0" encoding="UTF-8"?>
<testsuite name="com.groupbyinc.RunCucumberTest" tests="0" skipped="0" failures="0" errors="0" timestamp="1970-01-01T00:00:00" hostname="GroupByIncs-MacBook-Pro.local" time="0.0">
  <properties/>
  <system-out><![CDATA[
10 Scenarios (?[32m10 passed?[0m)
10 Steps (?[32m10 passed?[0m)
0m0.535s


]]></system-out>
  <system-err><![CDATA[May 30, 2020 9:32:28 PM io.cucumber.junit.Cucumber <init>
WARNING: By default Cucumber is running in --non-strict mode.
This default will change to --strict and --non-strict will be removed.
You can use --strict or @CucumberOptions(strict = true) to suppress this warning
]]></system-err>
</testsuite>
