<?xml version="1.0" encoding="UTF-8"?>
<testsuite name="Category" tests="1" skipped="0" failures="0" errors="0" timestamp="2020-05-30T17:56:41" hostname="GroupByIncs-MacBook-Pro.local" time="16.991">
  <properties/>
  <testcase name="Create an Enrich Category" classname="Category" time="16.991"/>
  <system-out><![CDATA[13:56:41.736 [Test worker] DEBUG org.springframework.test.context.BootstrapUtils - Instantiating CacheAwareContextLoaderDelegate from class [org.springframework.test.context.cache.DefaultCacheAwareContextLoaderDelegate]
13:56:41.751 [Test worker] DEBUG org.springframework.test.context.BootstrapUtils - Instantiating BootstrapContext using constructor [public org.springframework.test.context.support.DefaultBootstrapContext(java.lang.Class,org.springframework.test.context.CacheAwareContextLoaderDelegate)]
13:56:41.768 [Test worker] DEBUG org.springframework.test.context.BootstrapUtils - Instantiating TestContextBootstrapper for test class [com.groupbyinc.steps.authentication.AuthenticationServiceStepDefinitions] from class [org.springframework.boot.test.context.SpringBootTestContextBootstrapper]
13:56:41.778 [Test worker] INFO org.springframework.boot.test.context.SpringBootTestContextBootstrapper - Neither @ContextConfiguration nor @ContextHierarchy found for test class [com.groupbyinc.steps.authentication.AuthenticationServiceStepDefinitions], using SpringBootContextLoader
13:56:41.781 [Test worker] DEBUG org.springframework.test.context.support.AbstractContextLoader - Did not detect default resource location for test class [com.groupbyinc.steps.authentication.AuthenticationServiceStepDefinitions]: class path resource [com/groupbyinc/steps/authentication/AuthenticationServiceStepDefinitions-context.xml] does not exist
13:56:41.781 [Test worker] DEBUG org.springframework.test.context.support.AbstractContextLoader - Did not detect default resource location for test class [com.groupbyinc.steps.authentication.AuthenticationServiceStepDefinitions]: class path resource [com/groupbyinc/steps/authentication/AuthenticationServiceStepDefinitionsContext.groovy] does not exist
13:56:41.782 [Test worker] INFO org.springframework.test.context.support.AbstractContextLoader - Could not detect default resource locations for test class [com.groupbyinc.steps.authentication.AuthenticationServiceStepDefinitions]: no resource found for suffixes {-context.xml, Context.groovy}.
13:56:41.813 [Test worker] DEBUG org.springframework.test.context.support.ActiveProfilesUtils - Could not find an 'annotation declaring class' for annotation type [org.springframework.test.context.ActiveProfiles] and class [com.groupbyinc.steps.authentication.AuthenticationServiceStepDefinitions]
13:56:41.904 [Test worker] DEBUG org.springframework.boot.test.context.SpringBootTestContextBootstrapper - @TestExecutionListeners is not present for class [com.groupbyinc.steps.authentication.AuthenticationServiceStepDefinitions]: using defaults.
13:56:41.905 [Test worker] INFO org.springframework.boot.test.context.SpringBootTestContextBootstrapper - Loaded default TestExecutionListener class names from location [META-INF/spring.factories]: [org.springframework.boot.test.autoconfigure.restdocs.RestDocsTestExecutionListener, org.springframework.boot.test.autoconfigure.web.client.MockRestServiceServerResetTestExecutionListener, org.springframework.boot.test.autoconfigure.web.servlet.MockMvcPrintOnlyOnFailureTestExecutionListener, org.springframework.boot.test.autoconfigure.web.servlet.WebDriverTestExecutionListener, org.springframework.boot.test.mock.mockito.MockitoTestExecutionListener, org.springframework.boot.test.mock.mockito.ResetMocksTestExecutionListener, org.springframework.test.context.web.ServletTestExecutionListener, org.springframework.test.context.support.DirtiesContextBeforeModesTestExecutionListener, org.springframework.test.context.support.DependencyInjectionTestExecutionListener, org.springframework.test.context.support.DirtiesContextTestExecutionListener, org.springframework.test.context.transaction.TransactionalTestExecutionListener, org.springframework.test.context.jdbc.SqlScriptsTestExecutionListener]
13:56:41.914 [Test worker] DEBUG org.springframework.boot.test.context.SpringBootTestContextBootstrapper - Skipping candidate TestExecutionListener [org.springframework.test.context.transaction.TransactionalTestExecutionListener] due to a missing dependency. Specify custom listener classes or make the default listener classes and their required dependencies available. Offending class: [org/springframework/transaction/interceptor/TransactionAttributeSource]
13:56:41.914 [Test worker] DEBUG org.springframework.boot.test.context.SpringBootTestContextBootstrapper - Skipping candidate TestExecutionListener [org.springframework.test.context.jdbc.SqlScriptsTestExecutionListener] due to a missing dependency. Specify custom listener classes or make the default listener classes and their required dependencies available. Offending class: [org/springframework/transaction/interceptor/TransactionAttribute]
13:56:41.914 [Test worker] INFO org.springframework.boot.test.context.SpringBootTestContextBootstrapper - Using TestExecutionListeners: [org.springframework.test.context.web.ServletTestExecutionListener@29b4a764, org.springframework.test.context.support.DirtiesContextBeforeModesTestExecutionListener@16f578aa, org.springframework.boot.test.mock.mockito.MockitoTestExecutionListener@68799a81, org.springframework.boot.test.autoconfigure.SpringBootDependencyInjectionTestExecutionListener@5a9aa745, org.springframework.test.context.support.DirtiesContextTestExecutionListener@5619b4f5, org.springframework.boot.test.autoconfigure.restdocs.RestDocsTestExecutionListener@6b14b6b4, org.springframework.boot.test.autoconfigure.web.client.MockRestServiceServerResetTestExecutionListener@4f1d94c5, org.springframework.boot.test.autoconfigure.web.servlet.MockMvcPrintOnlyOnFailureTestExecutionListener@40b2b2ec, org.springframework.boot.test.autoconfigure.web.servlet.WebDriverTestExecutionListener@5b171813, org.springframework.boot.test.mock.mockito.ResetMocksTestExecutionListener@15f8a4d3]
13:56:41.936 [Test worker] DEBUG org.springframework.test.context.support.TestPropertySourceUtils - Adding inlined properties to environment: {spring.jmx.enabled=false, org.springframework.boot.test.context.SpringBootTestContextBootstrapper=true, server.port=-1}

  .   ____          _            __ _ _
 /\\ / ___'_ __ _ _(_)_ __  __ _ \ \ \ \
( ( )\___ | '_ | '_| | '_ \/ _` | \ \ \ \
 \\/  ___)| |_)| | | | | || (_| |  ) ) ) )
  '  |____| .__|_| |_|_| |_\__, | / / / /
 =========|_|==============|___/=/_/_/_/
 :: Spring Boot ::        (v2.1.4.RELEASE)

2020-05-30 13:56:57.121  INFO 6437 --- [    Test worker] s.a.AuthenticationServiceStepDefinitions : Starting AuthenticationServiceStepDefinitions on GroupByIncs-MacBook-Pro.local with PID 6437 (started by mattahmad in /Users/mattahmad/Documents/enrich-api-tests)
2020-05-30 13:56:57.123  INFO 6437 --- [    Test worker] s.a.AuthenticationServiceStepDefinitions : No active profile set, falling back to default profiles: default
2020-05-30 13:56:57.486  INFO 6437 --- [    Test worker] s.a.AuthenticationServiceStepDefinitions : Started AuthenticationServiceStepDefinitions in 15.543 seconds (JVM running for 16.593)

Scenario: Create an Enrich Category ?[90m# src/test/resources/scenarios/category.feature:7?[0m
Create Organization Response is: {"data":{"id":"3a272bda-795b-4d07-9089-1587741d4add","type":"Organization","attributes":{"createdAt":"2020-05-30T17:56:58.073Z","updatedAt":"2020-05-30T17:56:58.073Z","name":"Organization9"}}}
3a272bda-795b-4d07-9089-1587741d4add
  ?[32mGiven ?[0m?[32mAn organization is created?[0m  ?[90m# com.groupbyinc.steps.enrich.EnrichStepDefinitions.createOrganization()?[0m
Create Category Response is: {"data":{"id":"809e8ba0-c783-4dc5-ae5a-c1cd0d3a3bfe","type":"Category","attributes":{"createdAt":"2020-05-30T17:56:58.270Z","updatedAt":"2020-05-30T17:56:58.270Z","proprietaryId":"rxmt5NJf","title":"Propellant"},"relationships":{"parent":{"data":null},"organization":{"data":{"type":"Organization","id":"3a272bda-795b-4d07-9089-1587741d4add"}}}}}
809e8ba0-c783-4dc5-ae5a-c1cd0d3a3bfe
  ?[32mGiven ?[0m?[32mA category is created?[0m       ?[90m# com.groupbyinc.steps.enrich.EnrichStepDefinitions.createCategory()?[0m
  ?[32mAnd ?[0m?[32mA category is deleted?[0m         ?[90m# com.groupbyinc.steps.enrich.EnrichStepDefinitions.deleteCategory()?[0m
  ?[32mAnd ?[0m?[32mAn organization is deleted?[0m    ?[90m# com.groupbyinc.steps.enrich.EnrichStepDefinitions.deleteOrganization()?[0m
]]></system-out>
  <system-err><![CDATA[]]></system-err>
</testsuite>
