<?xml version="1.0" encoding="UTF-8"?>
<testsuite name="Category" tests="1" skipped="0" failures="0" errors="0" timestamp="2020-05-30T20:02:25" hostname="GroupByIncs-MacBook-Pro.local" time="17.101">
  <properties/>
  <testcase name="Create an Enrich Category" classname="Category" time="17.101"/>
  <system-out><![CDATA[16:02:25.957 [Test worker] DEBUG org.springframework.test.context.BootstrapUtils - Instantiating CacheAwareContextLoaderDelegate from class [org.springframework.test.context.cache.DefaultCacheAwareContextLoaderDelegate]
16:02:25.970 [Test worker] DEBUG org.springframework.test.context.BootstrapUtils - Instantiating BootstrapContext using constructor [public org.springframework.test.context.support.DefaultBootstrapContext(java.lang.Class,org.springframework.test.context.CacheAwareContextLoaderDelegate)]
16:02:25.986 [Test worker] DEBUG org.springframework.test.context.BootstrapUtils - Instantiating TestContextBootstrapper for test class [com.groupbyinc.steps.authentication.AuthenticationServiceStepDefinitions] from class [org.springframework.boot.test.context.SpringBootTestContextBootstrapper]
16:02:25.996 [Test worker] INFO org.springframework.boot.test.context.SpringBootTestContextBootstrapper - Neither @ContextConfiguration nor @ContextHierarchy found for test class [com.groupbyinc.steps.authentication.AuthenticationServiceStepDefinitions], using SpringBootContextLoader
16:02:25.999 [Test worker] DEBUG org.springframework.test.context.support.AbstractContextLoader - Did not detect default resource location for test class [com.groupbyinc.steps.authentication.AuthenticationServiceStepDefinitions]: class path resource [com/groupbyinc/steps/authentication/AuthenticationServiceStepDefinitions-context.xml] does not exist
16:02:25.999 [Test worker] DEBUG org.springframework.test.context.support.AbstractContextLoader - Did not detect default resource location for test class [com.groupbyinc.steps.authentication.AuthenticationServiceStepDefinitions]: class path resource [com/groupbyinc/steps/authentication/AuthenticationServiceStepDefinitionsContext.groovy] does not exist
16:02:25.999 [Test worker] INFO org.springframework.test.context.support.AbstractContextLoader - Could not detect default resource locations for test class [com.groupbyinc.steps.authentication.AuthenticationServiceStepDefinitions]: no resource found for suffixes {-context.xml, Context.groovy}.
16:02:26.028 [Test worker] DEBUG org.springframework.test.context.support.ActiveProfilesUtils - Could not find an 'annotation declaring class' for annotation type [org.springframework.test.context.ActiveProfiles] and class [com.groupbyinc.steps.authentication.AuthenticationServiceStepDefinitions]
16:02:26.117 [Test worker] DEBUG org.springframework.boot.test.context.SpringBootTestContextBootstrapper - @TestExecutionListeners is not present for class [com.groupbyinc.steps.authentication.AuthenticationServiceStepDefinitions]: using defaults.
16:02:26.117 [Test worker] INFO org.springframework.boot.test.context.SpringBootTestContextBootstrapper - Loaded default TestExecutionListener class names from location [META-INF/spring.factories]: [org.springframework.boot.test.autoconfigure.restdocs.RestDocsTestExecutionListener, org.springframework.boot.test.autoconfigure.web.client.MockRestServiceServerResetTestExecutionListener, org.springframework.boot.test.autoconfigure.web.servlet.MockMvcPrintOnlyOnFailureTestExecutionListener, org.springframework.boot.test.autoconfigure.web.servlet.WebDriverTestExecutionListener, org.springframework.boot.test.mock.mockito.MockitoTestExecutionListener, org.springframework.boot.test.mock.mockito.ResetMocksTestExecutionListener, org.springframework.test.context.web.ServletTestExecutionListener, org.springframework.test.context.support.DirtiesContextBeforeModesTestExecutionListener, org.springframework.test.context.support.DependencyInjectionTestExecutionListener, org.springframework.test.context.support.DirtiesContextTestExecutionListener, org.springframework.test.context.transaction.TransactionalTestExecutionListener, org.springframework.test.context.jdbc.SqlScriptsTestExecutionListener]
16:02:26.125 [Test worker] DEBUG org.springframework.boot.test.context.SpringBootTestContextBootstrapper - Skipping candidate TestExecutionListener [org.springframework.test.context.transaction.TransactionalTestExecutionListener] due to a missing dependency. Specify custom listener classes or make the default listener classes and their required dependencies available. Offending class: [org/springframework/transaction/interceptor/TransactionAttributeSource]
16:02:26.125 [Test worker] DEBUG org.springframework.boot.test.context.SpringBootTestContextBootstrapper - Skipping candidate TestExecutionListener [org.springframework.test.context.jdbc.SqlScriptsTestExecutionListener] due to a missing dependency. Specify custom listener classes or make the default listener classes and their required dependencies available. Offending class: [org/springframework/transaction/interceptor/TransactionAttribute]
16:02:26.126 [Test worker] INFO org.springframework.boot.test.context.SpringBootTestContextBootstrapper - Using TestExecutionListeners: [org.springframework.test.context.web.ServletTestExecutionListener@29b4a764, org.springframework.test.context.support.DirtiesContextBeforeModesTestExecutionListener@16f578aa, org.springframework.boot.test.mock.mockito.MockitoTestExecutionListener@68799a81, org.springframework.boot.test.autoconfigure.SpringBootDependencyInjectionTestExecutionListener@5a9aa745, org.springframework.test.context.support.DirtiesContextTestExecutionListener@5619b4f5, org.springframework.boot.test.autoconfigure.restdocs.RestDocsTestExecutionListener@6b14b6b4, org.springframework.boot.test.autoconfigure.web.client.MockRestServiceServerResetTestExecutionListener@4f1d94c5, org.springframework.boot.test.autoconfigure.web.servlet.MockMvcPrintOnlyOnFailureTestExecutionListener@40b2b2ec, org.springframework.boot.test.autoconfigure.web.servlet.WebDriverTestExecutionListener@5b171813, org.springframework.boot.test.mock.mockito.ResetMocksTestExecutionListener@15f8a4d3]
16:02:26.149 [Test worker] DEBUG org.springframework.test.context.support.TestPropertySourceUtils - Adding inlined properties to environment: {spring.jmx.enabled=false, org.springframework.boot.test.context.SpringBootTestContextBootstrapper=true, server.port=-1}

  .   ____          _            __ _ _
 /\\ / ___'_ __ _ _(_)_ __  __ _ \ \ \ \
( ( )\___ | '_ | '_| | '_ \/ _` | \ \ \ \
 \\/  ___)| |_)| | | | | || (_| |  ) ) ) )
  '  |____| .__|_| |_|_| |_\__, | / / / /
 =========|_|==============|___/=/_/_/_/
 :: Spring Boot ::        (v2.1.4.RELEASE)

2020-05-30 16:02:41.332  INFO 7426 --- [    Test worker] s.a.AuthenticationServiceStepDefinitions : Starting AuthenticationServiceStepDefinitions on GroupByIncs-MacBook-Pro.local with PID 7426 (started by mattahmad in /Users/mattahmad/Documents/enrich-api-tests)
2020-05-30 16:02:41.334  INFO 7426 --- [    Test worker] s.a.AuthenticationServiceStepDefinitions : No active profile set, falling back to default profiles: default
2020-05-30 16:02:41.677  INFO 7426 --- [    Test worker] s.a.AuthenticationServiceStepDefinitions : Started AuthenticationServiceStepDefinitions in 15.52 seconds (JVM running for 16.524)

Scenario: Create an Enrich Category          ?[90m# src/test/resources/scenarios/category.feature:7?[0m
Create Organization Response is: {"data":{"id":"4668b5ba-58c8-4420-9e2f-53301ece22fe","type":"Organization","attributes":{"createdAt":"2020-05-30T20:02:42.248Z","updatedAt":"2020-05-30T20:02:42.248Z","name":"Organization14"}}}
4668b5ba-58c8-4420-9e2f-53301ece22fe
  ?[32mGiven ?[0m?[32mThe Customer creates an organization?[0m ?[90m# com.groupbyinc.steps.enrich.EnrichStepDefinitions.createOrganization()?[0m
Create Category Response is: {"data":{"id":"99211fce-e610-4801-ba56-bdba6dc770b4","type":"Category","attributes":{"createdAt":"2020-05-30T20:02:42.459Z","updatedAt":"2020-05-30T20:02:42.459Z","proprietaryId":"rxmt5NJf","title":"Propellant"},"relationships":{"parent":{"data":null},"organization":{"data":{"type":"Organization","id":"4668b5ba-58c8-4420-9e2f-53301ece22fe"}}}}}
99211fce-e610-4801-ba56-bdba6dc770b4
  ?[32mGiven ?[0m?[32mThe Customer creates a category?[0m      ?[90m# com.groupbyinc.steps.enrich.EnrichStepDefinitions.createCategory()?[0m
View Category Response is: HttpResponseProxy{HTTP/1.1 200 OK [x-powered-by: Express, vary: Origin, content-type: application/vnd.api+json, Date: Sat, 30 May 2020 20:02:42 GMT, Server: Google Frontend, Content-Length: 2376, Alt-Svc: h3-27=":443"; ma=2592000,h3-25=":443"; ma=2592000,h3-T050=":443"; ma=2592000,h3-Q050=":443"; ma=2592000,h3-Q049=":443"; ma=2592000,h3-Q048=":443"; ma=2592000,h3-Q046=":443"; ma=2592000,h3-Q043=":443"; ma=2592000,quic=":443"; ma=2592000; v="46,43"] ResponseEntityProxy{[Content-Type: application/vnd.api+json,Content-Length: 2376,Chunked: false]}}
  ?[32mAnd ?[0m?[32mThe Customer views a category?[0m          ?[90m# com.groupbyinc.steps.enrich.EnrichStepDefinitions.viewCategory()?[0m
  ?[32mAnd ?[0m?[32mThe Customer deletes the category?[0m      ?[90m# com.groupbyinc.steps.enrich.EnrichStepDefinitions.deleteCategory()?[0m
  ?[32mAnd ?[0m?[32mThe Customer deletes the organization?[0m  ?[90m# com.groupbyinc.steps.enrich.EnrichStepDefinitions.deleteOrganization()?[0m
]]></system-out>
  <system-err><![CDATA[]]></system-err>
</testsuite>
