<?xml version="1.0" encoding="UTF-8"?>
<testsuite name="Organizations" tests="1" skipped="0" failures="0" errors="0" timestamp="2020-05-30T14:43:30" hostname="GroupByIncs-MacBook-Pro.local" time="0.619">
  <properties/>
  <testcase name="Create an Enrich Organization" classname="Organizations" time="0.619"/>
  <system-out><![CDATA[2020-05-30 10:43:30.413  INFO 4795 --- [    Test worker] .b.t.c.SpringBootTestContextBootstrapper : Neither @ContextConfiguration nor @ContextHierarchy found for test class [com.groupbyinc.steps.authentication.AuthenticationServiceStepDefinitions], using SpringBootContextLoader
2020-05-30 10:43:30.414  INFO 4795 --- [    Test worker] o.s.t.c.support.AbstractContextLoader    : Could not detect default resource locations for test class [com.groupbyinc.steps.authentication.AuthenticationServiceStepDefinitions]: no resource found for suffixes {-context.xml, Context.groovy}.
2020-05-30 10:43:30.416  INFO 4795 --- [    Test worker] .b.t.c.SpringBootTestContextBootstrapper : Loaded default TestExecutionListener class names from location [META-INF/spring.factories]: [org.springframework.boot.test.autoconfigure.restdocs.RestDocsTestExecutionListener, org.springframework.boot.test.autoconfigure.web.client.MockRestServiceServerResetTestExecutionListener, org.springframework.boot.test.autoconfigure.web.servlet.MockMvcPrintOnlyOnFailureTestExecutionListener, org.springframework.boot.test.autoconfigure.web.servlet.WebDriverTestExecutionListener, org.springframework.boot.test.mock.mockito.MockitoTestExecutionListener, org.springframework.boot.test.mock.mockito.ResetMocksTestExecutionListener, org.springframework.test.context.web.ServletTestExecutionListener, org.springframework.test.context.support.DirtiesContextBeforeModesTestExecutionListener, org.springframework.test.context.support.DependencyInjectionTestExecutionListener, org.springframework.test.context.support.DirtiesContextTestExecutionListener, org.springframework.test.context.transaction.TransactionalTestExecutionListener, org.springframework.test.context.jdbc.SqlScriptsTestExecutionListener]
2020-05-30 10:43:30.417  INFO 4795 --- [    Test worker] .b.t.c.SpringBootTestContextBootstrapper : Using TestExecutionListeners: [org.springframework.test.context.web.ServletTestExecutionListener@405ce279, org.springframework.test.context.support.DirtiesContextBeforeModesTestExecutionListener@5d4ee8b6, org.springframework.boot.test.mock.mockito.MockitoTestExecutionListener@594127df, org.springframework.boot.test.autoconfigure.SpringBootDependencyInjectionTestExecutionListener@620dc695, org.springframework.test.context.support.DirtiesContextTestExecutionListener@4565af87, org.springframework.boot.test.autoconfigure.restdocs.RestDocsTestExecutionListener@6f44f4c5, org.springframework.boot.test.autoconfigure.web.client.MockRestServiceServerResetTestExecutionListener@3f6b592d, org.springframework.boot.test.autoconfigure.web.servlet.MockMvcPrintOnlyOnFailureTestExecutionListener@335e093b, org.springframework.boot.test.autoconfigure.web.servlet.WebDriverTestExecutionListener@5b2f8140, org.springframework.boot.test.mock.mockito.ResetMocksTestExecutionListener@1385b43c]

Scenario: Create an Enrich Organization      ?[90m# src/test/resources/scenarios/organization.feature:3?[0m
Create Organization Response is: {"data":{"id":"2b638a74-a670-4ea3-8b96-1cda528201fb","type":"Organization","attributes":{"createdAt":"2020-05-30T14:43:30.941Z","updatedAt":"2020-05-30T14:43:30.941Z","name":"Test Automation Inc 5"}}}
2b638a74-a670-4ea3-8b96-1cda528201fb
  ?[32mGiven ?[0m?[32mAn organization is created in enrich?[0m ?[90m# com.groupbyinc.steps.enrich.EnrichStepDefinitions.createOrganization()?[0m
]]></system-out>
  <system-err><![CDATA[]]></system-err>
</testsuite>
