<?xml version="1.0" encoding="UTF-8"?>
<testsuite name="Categories" tests="1" skipped="0" failures="0" errors="0" timestamp="2020-05-30T14:43:14" hostname="GroupByIncs-MacBook-Pro.local" time="15.874">
  <properties/>
  <testcase name="Create an Enrich Category" classname="Categories" time="15.874"/>
  <system-out><![CDATA[10:43:14.638 [Test worker] DEBUG org.springframework.test.context.BootstrapUtils - Instantiating CacheAwareContextLoaderDelegate from class [org.springframework.test.context.cache.DefaultCacheAwareContextLoaderDelegate]
10:43:14.652 [Test worker] DEBUG org.springframework.test.context.BootstrapUtils - Instantiating BootstrapContext using constructor [public org.springframework.test.context.support.DefaultBootstrapContext(java.lang.Class,org.springframework.test.context.CacheAwareContextLoaderDelegate)]
10:43:14.668 [Test worker] DEBUG org.springframework.test.context.BootstrapUtils - Instantiating TestContextBootstrapper for test class [com.groupbyinc.steps.authentication.AuthenticationServiceStepDefinitions] from class [org.springframework.boot.test.context.SpringBootTestContextBootstrapper]
10:43:14.678 [Test worker] INFO org.springframework.boot.test.context.SpringBootTestContextBootstrapper - Neither @ContextConfiguration nor @ContextHierarchy found for test class [com.groupbyinc.steps.authentication.AuthenticationServiceStepDefinitions], using SpringBootContextLoader
10:43:14.680 [Test worker] DEBUG org.springframework.test.context.support.AbstractContextLoader - Did not detect default resource location for test class [com.groupbyinc.steps.authentication.AuthenticationServiceStepDefinitions]: class path resource [com/groupbyinc/steps/authentication/AuthenticationServiceStepDefinitions-context.xml] does not exist
10:43:14.681 [Test worker] DEBUG org.springframework.test.context.support.AbstractContextLoader - Did not detect default resource location for test class [com.groupbyinc.steps.authentication.AuthenticationServiceStepDefinitions]: class path resource [com/groupbyinc/steps/authentication/AuthenticationServiceStepDefinitionsContext.groovy] does not exist
10:43:14.681 [Test worker] INFO org.springframework.test.context.support.AbstractContextLoader - Could not detect default resource locations for test class [com.groupbyinc.steps.authentication.AuthenticationServiceStepDefinitions]: no resource found for suffixes {-context.xml, Context.groovy}.
10:43:14.709 [Test worker] DEBUG org.springframework.test.context.support.ActiveProfilesUtils - Could not find an 'annotation declaring class' for annotation type [org.springframework.test.context.ActiveProfiles] and class [com.groupbyinc.steps.authentication.AuthenticationServiceStepDefinitions]
10:43:14.796 [Test worker] DEBUG org.springframework.boot.test.context.SpringBootTestContextBootstrapper - @TestExecutionListeners is not present for class [com.groupbyinc.steps.authentication.AuthenticationServiceStepDefinitions]: using defaults.
10:43:14.797 [Test worker] INFO org.springframework.boot.test.context.SpringBootTestContextBootstrapper - Loaded default TestExecutionListener class names from location [META-INF/spring.factories]: [org.springframework.boot.test.autoconfigure.restdocs.RestDocsTestExecutionListener, org.springframework.boot.test.autoconfigure.web.client.MockRestServiceServerResetTestExecutionListener, org.springframework.boot.test.autoconfigure.web.servlet.MockMvcPrintOnlyOnFailureTestExecutionListener, org.springframework.boot.test.autoconfigure.web.servlet.WebDriverTestExecutionListener, org.springframework.boot.test.mock.mockito.MockitoTestExecutionListener, org.springframework.boot.test.mock.mockito.ResetMocksTestExecutionListener, org.springframework.test.context.web.ServletTestExecutionListener, org.springframework.test.context.support.DirtiesContextBeforeModesTestExecutionListener, org.springframework.test.context.support.DependencyInjectionTestExecutionListener, org.springframework.test.context.support.DirtiesContextTestExecutionListener, org.springframework.test.context.transaction.TransactionalTestExecutionListener, org.springframework.test.context.jdbc.SqlScriptsTestExecutionListener]
10:43:14.805 [Test worker] DEBUG org.springframework.boot.test.context.SpringBootTestContextBootstrapper - Skipping candidate TestExecutionListener [org.springframework.test.context.transaction.TransactionalTestExecutionListener] due to a missing dependency. Specify custom listener classes or make the default listener classes and their required dependencies available. Offending class: [org/springframework/transaction/interceptor/TransactionAttributeSource]
10:43:14.805 [Test worker] DEBUG org.springframework.boot.test.context.SpringBootTestContextBootstrapper - Skipping candidate TestExecutionListener [org.springframework.test.context.jdbc.SqlScriptsTestExecutionListener] due to a missing dependency. Specify custom listener classes or make the default listener classes and their required dependencies available. Offending class: [org/springframework/transaction/interceptor/TransactionAttribute]
10:43:14.806 [Test worker] INFO org.springframework.boot.test.context.SpringBootTestContextBootstrapper - Using TestExecutionListeners: [org.springframework.test.context.web.ServletTestExecutionListener@5ccda42a, org.springframework.test.context.support.DirtiesContextBeforeModesTestExecutionListener@6633d813, org.springframework.boot.test.mock.mockito.MockitoTestExecutionListener@1210a87e, org.springframework.boot.test.autoconfigure.SpringBootDependencyInjectionTestExecutionListener@12510a1a, org.springframework.test.context.support.DirtiesContextTestExecutionListener@238c108e, org.springframework.boot.test.autoconfigure.restdocs.RestDocsTestExecutionListener@5b87a7ac, org.springframework.boot.test.autoconfigure.web.client.MockRestServiceServerResetTestExecutionListener@4c43b7fa, org.springframework.boot.test.autoconfigure.web.servlet.MockMvcPrintOnlyOnFailureTestExecutionListener@56d865b2, org.springframework.boot.test.autoconfigure.web.servlet.WebDriverTestExecutionListener@15931787, org.springframework.boot.test.mock.mockito.ResetMocksTestExecutionListener@73cf785e]
10:43:14.826 [Test worker] DEBUG org.springframework.test.context.support.TestPropertySourceUtils - Adding inlined properties to environment: {spring.jmx.enabled=false, org.springframework.boot.test.context.SpringBootTestContextBootstrapper=true, server.port=-1}

  .   ____          _            __ _ _
 /\\ / ___'_ __ _ _(_)_ __  __ _ \ \ \ \
( ( )\___ | '_ | '_| | '_ \/ _` | \ \ \ \
 \\/  ___)| |_)| | | | | || (_| |  ) ) ) )
  '  |____| .__|_| |_|_| |_\__, | / / / /
 =========|_|==============|___/=/_/_/_/
 :: Spring Boot ::        (v2.1.4.RELEASE)

2020-05-30 10:43:29.993  INFO 4795 --- [    Test worker] s.a.AuthenticationServiceStepDefinitions : Starting AuthenticationServiceStepDefinitions on GroupByIncs-MacBook-Pro.local with PID 4795 (started by mattahmad in /Users/mattahmad/Documents/enrich-api-tests)
2020-05-30 10:43:29.995  INFO 4795 --- [    Test worker] s.a.AuthenticationServiceStepDefinitions : No active profile set, falling back to default profiles: default
2020-05-30 10:43:30.355  INFO 4795 --- [    Test worker] s.a.AuthenticationServiceStepDefinitions : Started AuthenticationServiceStepDefinitions in 15.521 seconds (JVM running for 16.504)

Scenario: Create an Enrich Category ?[90m# src/test/resources/scenarios/category.feature:3?[0m
]]></system-out>
  <system-err><![CDATA[]]></system-err>
</testsuite>
