<?xml version="1.0" encoding="UTF-8"?>
<testsuite name="Category" tests="10" skipped="0" failures="0" errors="0" timestamp="2020-05-31T01:32:28" hostname="GroupByIncs-MacBook-Pro.local" time="0.534">
  <properties/>
  <testcase name="Create an Enrich Organization" classname="Category" time="0.481"/>
  <testcase name="List Enrich Organizations" classname="Category" time="0.006"/>
  <testcase name="Modify an Enrich Organization" classname="Category" time="0.006"/>
  <testcase name="View an Enrich Organization" classname="Category" time="0.006"/>
  <testcase name="Create an Enrich Category" classname="Category" time="0.011"/>
  <testcase name="List Enrich Categories" classname="Category" time="0.006"/>
  <testcase name="Modify an Enrich Category" classname="Category" time="0.005"/>
  <testcase name="View an Enrich Category" classname="Category" time="0.004"/>
  <testcase name="Delete Enrich Category" classname="Category" time="0.005"/>
  <testcase name="Delete Enrich Organization" classname="Category" time="0.003"/>
  <system-out><![CDATA[21:32:28.881 [Test worker] DEBUG org.springframework.context.support.GenericApplicationContext - Refreshing org.springframework.context.support.GenericApplicationContext@6205239b

Scenario: Create an Enrich Organization      ?[90m# src/test/resources/scenarios/category.feature:7?[0m
null
  ?[32mGiven ?[0m?[32mThe Customer creates an organization?[0m ?[90m# com.groupbyinc.steps.enrich.EnrichStepDefinitions.createOrganization()?[0m
21:32:29.234 [Test worker] DEBUG org.springframework.context.support.GenericApplicationContext - Refreshing org.springframework.context.support.GenericApplicationContext@2a6b6318

Scenario: List Enrich Organizations      ?[90m# src/test/resources/scenarios/category.feature:10?[0m
null
  ?[32mGiven ?[0m?[32mThe Customer lists organizations?[0m ?[90m# com.groupbyinc.steps.enrich.EnrichStepDefinitions.listOrganizations()?[0m
21:32:29.240 [Test worker] DEBUG org.springframework.context.support.GenericApplicationContext - Refreshing org.springframework.context.support.GenericApplicationContext@17a4de4b

Scenario: Modify an Enrich Organization       ?[90m# src/test/resources/scenarios/category.feature:13?[0m
null
  ?[32mGiven ?[0m?[32mThe Customer modifies an organization?[0m ?[90m# com.groupbyinc.steps.enrich.EnrichStepDefinitions.modifyOrganization()?[0m
21:32:29.246 [Test worker] DEBUG org.springframework.context.support.GenericApplicationContext - Refreshing org.springframework.context.support.GenericApplicationContext@4ecdd751

Scenario: View an Enrich Organization      ?[90m# src/test/resources/scenarios/category.feature:16?[0m
null
  ?[32mGiven ?[0m?[32mThe Customer views an organization?[0m ?[90m# com.groupbyinc.steps.enrich.EnrichStepDefinitions.viewOrganization()?[0m
21:32:29.253 [Test worker] DEBUG org.springframework.context.support.GenericApplicationContext - Refreshing org.springframework.context.support.GenericApplicationContext@e985bf

Scenario: Create an Enrich Category     ?[90m# src/test/resources/scenarios/category.feature:19?[0m
null
  ?[32mGiven ?[0m?[32mThe Customer creates a category?[0m ?[90m# com.groupbyinc.steps.enrich.EnrichStepDefinitions.createCategory()?[0m
21:32:29.263 [Test worker] DEBUG org.springframework.context.support.GenericApplicationContext - Refreshing org.springframework.context.support.GenericApplicationContext@3a888119

Scenario: List Enrich Categories      ?[90m# src/test/resources/scenarios/category.feature:22?[0m
null
  ?[32mGiven ?[0m?[32mThe Customer lists categories?[0m ?[90m# com.groupbyinc.steps.enrich.EnrichStepDefinitions.listCategories()?[0m
21:32:29.270 [Test worker] DEBUG org.springframework.context.support.GenericApplicationContext - Refreshing org.springframework.context.support.GenericApplicationContext@199ced61

Scenario: Modify an Enrich Category      ?[90m# src/test/resources/scenarios/category.feature:25?[0m
null
  ?[32mGiven ?[0m?[32mThe Customer modifies a category?[0m ?[90m# com.groupbyinc.steps.enrich.EnrichStepDefinitions.modifyCategory()?[0m
21:32:29.274 [Test worker] DEBUG org.springframework.context.support.GenericApplicationContext - Refreshing org.springframework.context.support.GenericApplicationContext@1343ae4e

Scenario: View an Enrich Category     ?[90m# src/test/resources/scenarios/category.feature:28?[0m
null
  ?[32mGiven ?[0m?[32mThe Customer views a category?[0m ?[90m# com.groupbyinc.steps.enrich.EnrichStepDefinitions.viewCategory()?[0m
21:32:29.278 [Test worker] DEBUG org.springframework.context.support.GenericApplicationContext - Refreshing org.springframework.context.support.GenericApplicationContext@7776be1d

Scenario: Delete Enrich Category          ?[90m# src/test/resources/scenarios/category.feature:31?[0m
null
  ?[32mGiven ?[0m?[32mThe Customer deletes the category?[0m ?[90m# com.groupbyinc.steps.enrich.EnrichStepDefinitions.deleteCategory()?[0m
21:32:29.283 [Test worker] DEBUG org.springframework.context.support.GenericApplicationContext - Refreshing org.springframework.context.support.GenericApplicationContext@3f457251

Scenario: Delete Enrich Organization          ?[90m# src/test/resources/scenarios/category.feature:34?[0m
null
  ?[32mGiven ?[0m?[32mThe Customer deletes the organization?[0m ?[90m# com.groupbyinc.steps.enrich.EnrichStepDefinitions.deleteOrganization()?[0m
]]></system-out>
  <system-err><![CDATA[]]></system-err>
</testsuite>
